(0000) 3000  0011000000000000 (   8)                 .ORIG x3000
(3000) 2845  0010100001000101 (   9)                 LD    R4 const
(3001) 5B60  0101101101100000 (  10)                 AND   R5 R5 #0
(3002) 20A1  0010000010100001 (  12)                 LD    R0 NL
(3003) F021  1111000000100001 (  13)                 TRAP  x21
(3004) 5020  0101000000100000 (  14)                 AND   R0 R0 #0
(3005) E041  1110000001000001 (  15)                 LEA   R0 guess
(3006) F022  1111000000100010 (  16)                 TRAP  x22
(3007) F020  1111000000100000 (  17)                 TRAP  x20
(3008) 5DA0  0101110110100000 (  18)                 AND   R6 R6 #0
(3009) 1D80  0001110110000000 (  19)                 ADD   R6 R6 R0
(300A) 5020  0101000000100000 (  20)                 AND   R0 R0 #0
(300B) 0E00  0000111000000000 (  21)                 BRNZP checkNum
(300C) 1B61  0001101101100001 (  25) checkNum        ADD   R5 R5 #1
(300D) 54A0  0101010010100000 (  26)                 AND   R2 R2 #0
(300E) 2496  0010010010010110 (  27)                 LD    R2 MAX
(300F) 94BF  1001010010111111 (  28)                 NOT   R2 R2
(3010) 14A1  0001010010100001 (  29)                 ADD   R2 R2 #1
(3011) 1486  0001010010000110 (  30)                 ADD   R2 R2 R6
(3012) 022D  0000001000101101 (  31)                 BRP   invalidInput
(3013) 54A0  0101010010100000 (  32)                 AND   R2 R2 #0
(3014) 2491  0010010010010001 (  33)                 LD    R2 MIN
(3015) 94BF  1001010010111111 (  34)                 NOT   R2 R2
(3016) 14A1  0001010010100001 (  35)                 ADD   R2 R2 #1
(3017) 1486  0001010010000110 (  36)                 ADD   R2 R2 R6
(3018) 0827  0000100000100111 (  37)                 BRN   invalidInput
(3019) 9DBF  1001110110111111 (  38)                 NOT   R6 R6
(301A) 1DA1  0001110110100001 (  39)                 ADD   R6 R6 #1
(301B) 1D84  0001110110000100 (  40)                 ADD   R6 R6 R4
(301C) 0202  0000001000000010 (  41)                 BRP   tooS
(301D) 0807  0000100000000111 (  42)                 BRN   tooB
(301E) 0415  0000010000010101 (  43)                 BRZ   win
(301F) 5020  0101000000100000 (  46) tooS            AND   R0 R0 #0
(3020) 2083  0010000010000011 (  47)                 LD    R0 NL
(3021) F021  1111000000100001 (  48)                 TRAP  x21
(3022) E034  1110000000110100 (  49)                 LEA   R0 small
(3023) F022  1111000000100010 (  50)                 TRAP  x22
(3024) 0E06  0000111000000110 (  51)                 BRNZP guessAgain
(3025) 5020  0101000000100000 (  54) tooB            AND   R0 R0 #0
(3026) 207D  0010000001111101 (  55)                 LD    R0 NL
(3027) F021  1111000000100001 (  56)                 TRAP  x21
(3028) E039  1110000000111001 (  57)                 LEA   R0 big
(3029) F022  1111000000100010 (  58)                 TRAP  x22
(302A) 0E00  0000111000000000 (  59)                 BRNZP guessAgain
(302B) 5020  0101000000100000 (  62) guessAgain      AND   R0 R0 #0
(302C) 2077  0010000001110111 (  63)                 LD    R0 NL
(302D) F021  1111000000100001 (  64)                 TRAP  x21
(302E) E03C  1110000000111100 (  65)                 LEA   R0 guessA
(302F) F022  1111000000100010 (  66)                 TRAP  x22
(3030) F020  1111000000100000 (  67)                 TRAP  x20
(3031) 5DA0  0101110110100000 (  68)                 AND   R6 R6 #0
(3032) 1D80  0001110110000000 (  69)                 ADD   R6 R6 R0
(3033) 0FD8  0000111111011000 (  70)                 BRNZP checkNum
(3034) 5020  0101000000100000 (  73) win             AND   R0 R0 #0
(3035) 206E  0010000001101110 (  74)                 LD    R0 NL
(3036) F021  1111000000100001 (  75)                 TRAP  x21
(3037) E040  1110000001000000 (  76)                 LEA   R0 correct
(3038) F022  1111000000100010 (  77)                 TRAP  x22
(3039) 5020  0101000000100000 (  78)                 AND   R0 R0 #0
(303A) 2068  0010000001101000 (  79)                 LD    R0 ZERO
(303B) 1005  0001000000000101 (  80)                 ADD   R0 R0 R5
(303C) F021  1111000000100001 (  81)                 TRAP  x21
(303D) E04D  1110000001001101 (  82)                 LEA   R0 correct2
(303E) F022  1111000000100010 (  83)                 TRAP  x22
(303F) 0E05  0000111000000101 (  84)                 BRNZP endIt
(3040) 2063  0010000001100011 (  87) invalidInput    LD    R0 NL
(3041) F021  1111000000100001 (  88)                 TRAP  x21
(3042) E052  1110000001010010 (  89)                 LEA   R0 INV
(3043) F022  1111000000100010 (  90)                 TRAP  x22
(3044) 0FE6  0000111111100110 (  91)                 BRNZP guessAgain
(3045) F025  1111000000100101 (  94) endIt           TRAP  x25
(3046) 0036  0000000000110110 (  96) const           .FILL x0036
(3047) 0047  0000000001000111 (  97) guess           .FILL x0047
(3048) 0075  0000000001110101 (  97)                 .FILL x0075
(3049) 0065  0000000001100101 (  97)                 .FILL x0065
(304A) 0073  0000000001110011 (  97)                 .FILL x0073
(304B) 0073  0000000001110011 (  97)                 .FILL x0073
(304C) 0020  0000000000100000 (  97)                 .FILL x0020
(304D) 0061  0000000001100001 (  97)                 .FILL x0061
(304E) 0020  0000000000100000 (  97)                 .FILL x0020
(304F) 006E  0000000001101110 (  97)                 .FILL x006E
(3050) 0075  0000000001110101 (  97)                 .FILL x0075
(3051) 006D  0000000001101101 (  97)                 .FILL x006D
(3052) 0062  0000000001100010 (  97)                 .FILL x0062
(3053) 0065  0000000001100101 (  97)                 .FILL x0065
(3054) 0072  0000000001110010 (  97)                 .FILL x0072
(3055) 003A  0000000000111010 (  97)                 .FILL x003A
(3056) 0000  0000000000000000 (  97)                 .FILL x0000
(3057) 0054  0000000001010100 (  98) small           .FILL x0054
(3058) 006F  0000000001101111 (  98)                 .FILL x006F
(3059) 006F  0000000001101111 (  98)                 .FILL x006F
(305A) 0020  0000000000100000 (  98)                 .FILL x0020
(305B) 0053  0000000001010011 (  98)                 .FILL x0053
(305C) 006D  0000000001101101 (  98)                 .FILL x006D
(305D) 0061  0000000001100001 (  98)                 .FILL x0061
(305E) 006C  0000000001101100 (  98)                 .FILL x006C
(305F) 006C  0000000001101100 (  98)                 .FILL x006C
(3060) 002E  0000000000101110 (  98)                 .FILL x002E
(3061) 0000  0000000000000000 (  98)                 .FILL x0000
(3062) 0054  0000000001010100 (  99) big             .FILL x0054
(3063) 006F  0000000001101111 (  99)                 .FILL x006F
(3064) 006F  0000000001101111 (  99)                 .FILL x006F
(3065) 0020  0000000000100000 (  99)                 .FILL x0020
(3066) 0042  0000000001000010 (  99)                 .FILL x0042
(3067) 0069  0000000001101001 (  99)                 .FILL x0069
(3068) 0067  0000000001100111 (  99)                 .FILL x0067
(3069) 002E  0000000000101110 (  99)                 .FILL x002E
(306A) 0000  0000000000000000 (  99)                 .FILL x0000
(306B) 0047  0000000001000111 ( 100) guessA          .FILL x0047
(306C) 0075  0000000001110101 ( 100)                 .FILL x0075
(306D) 0065  0000000001100101 ( 100)                 .FILL x0065
(306E) 0073  0000000001110011 ( 100)                 .FILL x0073
(306F) 0073  0000000001110011 ( 100)                 .FILL x0073
(3070) 0020  0000000000100000 ( 100)                 .FILL x0020
(3071) 0061  0000000001100001 ( 100)                 .FILL x0061
(3072) 0067  0000000001100111 ( 100)                 .FILL x0067
(3073) 0061  0000000001100001 ( 100)                 .FILL x0061
(3074) 0069  0000000001101001 ( 100)                 .FILL x0069
(3075) 006E  0000000001101110 ( 100)                 .FILL x006E
(3076) 003A  0000000000111010 ( 100)                 .FILL x003A
(3077) 0000  0000000000000000 ( 100)                 .FILL x0000
(3078) 0043  0000000001000011 ( 101) correct         .FILL x0043
(3079) 006F  0000000001101111 ( 101)                 .FILL x006F
(307A) 0072  0000000001110010 ( 101)                 .FILL x0072
(307B) 0072  0000000001110010 ( 101)                 .FILL x0072
(307C) 0065  0000000001100101 ( 101)                 .FILL x0065
(307D) 0063  0000000001100011 ( 101)                 .FILL x0063
(307E) 0074  0000000001110100 ( 101)                 .FILL x0074
(307F) 0021  0000000000100001 ( 101)                 .FILL x0021
(3080) 0020  0000000000100000 ( 101)                 .FILL x0020
(3081) 0059  0000000001011001 ( 101)                 .FILL x0059
(3082) 006F  0000000001101111 ( 101)                 .FILL x006F
(3083) 0075  0000000001110101 ( 101)                 .FILL x0075
(3084) 0020  0000000000100000 ( 101)                 .FILL x0020
(3085) 0074  0000000001110100 ( 101)                 .FILL x0074
(3086) 006F  0000000001101111 ( 101)                 .FILL x006F
(3087) 006F  0000000001101111 ( 101)                 .FILL x006F
(3088) 006B  0000000001101011 ( 101)                 .FILL x006B
(3089) 0020  0000000000100000 ( 101)                 .FILL x0020
(308A) 0000  0000000000000000 ( 101)                 .FILL x0000
(308B) 0020  0000000000100000 ( 102) correct2        .FILL x0020
(308C) 0067  0000000001100111 ( 102)                 .FILL x0067
(308D) 0075  0000000001110101 ( 102)                 .FILL x0075
(308E) 0065  0000000001100101 ( 102)                 .FILL x0065
(308F) 0073  0000000001110011 ( 102)                 .FILL x0073
(3090) 0073  0000000001110011 ( 102)                 .FILL x0073
(3091) 0065  0000000001100101 ( 102)                 .FILL x0065
(3092) 0073  0000000001110011 ( 102)                 .FILL x0073
(3093) 002E  0000000000101110 ( 102)                 .FILL x002E
(3094) 0000  0000000000000000 ( 102)                 .FILL x0000
(3095) 0049  0000000001001001 ( 103) INV             .FILL x0049
(3096) 006E  0000000001101110 ( 103)                 .FILL x006E
(3097) 0076  0000000001110110 ( 103)                 .FILL x0076
(3098) 0061  0000000001100001 ( 103)                 .FILL x0061
(3099) 006C  0000000001101100 ( 103)                 .FILL x006C
(309A) 0069  0000000001101001 ( 103)                 .FILL x0069
(309B) 0064  0000000001100100 ( 103)                 .FILL x0064
(309C) 0020  0000000000100000 ( 103)                 .FILL x0020
(309D) 0049  0000000001001001 ( 103)                 .FILL x0049
(309E) 006E  0000000001101110 ( 103)                 .FILL x006E
(309F) 0070  0000000001110000 ( 103)                 .FILL x0070
(30A0) 0075  0000000001110101 ( 103)                 .FILL x0075
(30A1) 0074  0000000001110100 ( 103)                 .FILL x0074
(30A2) 0000  0000000000000000 ( 103)                 .FILL x0000
(30A3) 0030  0000000000110000 ( 104) ZERO            .FILL x0030
(30A4) 000A  0000000000001010 ( 105) NL              .FILL x000A
(30A5) 0039  0000000000111001 ( 106) MAX             .FILL x0039
(30A6) 0030  0000000000110000 ( 107) MIN             .FILL x0030
