(0000) 3000  0011000000000000 (   6)                 .ORIG x3000
(3000) 2415  0010010000010101 (   7)                 LD    R2 alpha
(3001) 2615  0010011000010101 (   8)                 LD    R3 counter
(3002) 0200  0000001000000000 (  10)                 BRP   inOrder
(3003) 5020  0101000000100000 (  13) inOrder         AND   R0 R0 #0
(3004) 10A0  0001000010100000 (  14)                 ADD   R0 R2 #0
(3005) F021  1111000000100001 (  15)                 TRAP  x21
(3006) 14A1  0001010010100001 (  16)                 ADD   R2 R2 #1
(3007) 16FF  0001011011111111 (  17)                 ADD   R3 R3 #-1
(3008) 03FA  0000001111111010 (  18)                 BRP   inOrder
(3009) 0400  0000010000000000 (  19)                 BRZ   resetCounter
(300A) 56E0  0101011011100000 (  22) resetCounter    AND   R3 R3 #0
(300B) 260B  0010011000001011 (  23)                 LD    R3 counter
(300C) 14BF  0001010010111111 (  24)                 ADD   R2 R2 #-1
(300D) 0E00  0000111000000000 (  25)                 BRNZP reversePrint
(300E) 5020  0101000000100000 (  28) reversePrint    AND   R0 R0 #0
(300F) 10A0  0001000010100000 (  29)                 ADD   R0 R2 #0
(3010) F021  1111000000100001 (  30)                 TRAP  x21
(3011) 14BF  0001010010111111 (  31)                 ADD   R2 R2 #-1
(3012) 16FF  0001011011111111 (  32)                 ADD   R3 R3 #-1
(3013) 03FA  0000001111111010 (  33)                 BRP   reversePrint
(3014) 0C00  0000110000000000 (  34)                 BRNZ  end
(3015) F025  1111000000100101 (  36) end             TRAP  x25
(3016) 0041  0000000001000001 (  38) alpha           .FILL x0041
(3017) 001A  0000000000011010 (  39) counter         .FILL x001A
