(0000) 3000  0011000000000000 (   6)                 .ORIG x3000
(3000) E09D  1110000010011101 (   8)                 LEA   R0 PROMPT
(3001) F022  1111000000100010 (   9)                 TRAP  x22
(3002) F020  1111000000100000 (  10)                 TRAP  x20
(3003) 2C5A  0010110001011010 (  11)                 LD    R6 CHOICEADDR
(3004) 7180  0111000110000000 (  12)                 STR   R0 R6 #0
(3005) 2A53  0010101001010011 (  13)                 LD    R5 CHOICEOFF
(3006) A857  1010100001010111 (  14)                 LDI   R4 CHOICEADDR
(3007) 1B05  0001101100000101 (  15)                 ADD   R5 R4 R5
(3008) 0401  0000010000000001 (  16)                 BRZ   DECRYPT
(3009) 0214  0000001000010100 (  17)                 BRP   ENCRYPT
(300A) 4825  0100100000100101 (  20) DECRYPT         JSR   GETKEY
(300B) 4831  0100100000110001 (  21)                 JSR   GETMSG
(300C) 2C52  0010110001010010 (  22)                 LD    R6 MSGADDR
(300D) 2652  0010011001010010 (  23)                 LD    R3 ALGADDR
(300E) 6980  0110100110000000 (  25) DECRYPTINNER    LDR   R4 R6 #0
(300F) 0442  0000010001000010 (  26)                 BRZ   PRINTOUT
(3010) AA50  1010101001010000 (  27)                 LDI   R5 KEYADDR
(3011) 9B7F  1001101101111111 (  28)                 NOT   R5 R5
(3012) 1B61  0001101101100001 (  29)                 ADD   R5 R5 #1
(3013) 1905  0001100100000101 (  30)                 ADD   R4 R4 R5
(3014) 2A48  0010101001001000 (  31)                 LD    R5 BITTOG
(3015) 953F  1001010100111111 (  32)                 NOT   R2 R4
(3016) 5485  0101010010000101 (  33)                 AND   R2 R2 R5
(3017) 9B7F  1001101101111111 (  34)                 NOT   R5 R5
(3018) 5905  0101100100000101 (  35)                 AND   R4 R4 R5
(3019) 1902  0001100100000010 (  36)                 ADD   R4 R4 R2
(301A) 78C0  0111100011000000 (  37)                 STR   R4 R3 #0
(301B) 16E1  0001011011100001 (  38)                 ADD   R3 R3 #1
(301C) 1DA1  0001110110100001 (  39)                 ADD   R6 R6 #1
(301D) 0FF0  0000111111110000 (  40)                 BRNZP DECRYPTINNER
(301E) 4811  0100100000010001 (  44) ENCRYPT         JSR   GETKEY
(301F) 481D  0100100000011101 (  45)                 JSR   GETMSG
(3020) 2C3E  0010110000111110 (  46)                 LD    R6 MSGADDR
(3021) 263E  0010011000111110 (  47)                 LD    R3 ALGADDR
(3022) 6980  0110100110000000 (  49) ENCRYPTINNER    LDR   R4 R6 #0
(3023) 042E  0000010000101110 (  50)                 BRZ   PRINTOUT
(3024) 2A38  0010101000111000 (  51)                 LD    R5 BITTOG
(3025) 953F  1001010100111111 (  52)                 NOT   R2 R4
(3026) 5485  0101010010000101 (  53)                 AND   R2 R2 R5
(3027) 9B7F  1001101101111111 (  54)                 NOT   R5 R5
(3028) 5905  0101100100000101 (  55)                 AND   R4 R4 R5
(3029) 1902  0001100100000010 (  56)                 ADD   R4 R4 R2
(302A) AA36  1010101000110110 (  57)                 LDI   R5 KEYADDR
(302B) 1905  0001100100000101 (  58)                 ADD   R4 R4 R5
(302C) 78C0  0111100011000000 (  59)                 STR   R4 R3 #0
(302D) 16E1  0001011011100001 (  60)                 ADD   R3 R3 #1
(302E) 1DA1  0001110110100001 (  61)                 ADD   R6 R6 #1
(302F) 0FF2  0000111111110010 (  62)                 BRNZP ENCRYPTINNER
(3030) 3E2A  0011111000101010 (  65) GETKEY          ST    R7 R7SAV
(3031) 2087  0010000010000111 (  66)                 LD    R0 NL
(3032) F021  1111000000100001 (  67)                 TRAP  x21
(3033) E04E  1110000001001110 (  68)                 LEA   R0 KEYMSG
(3034) F022  1111000000100010 (  69)                 TRAP  x22
(3035) F020  1111000000100000 (  70)                 TRAP  x20
(3036) 1DA1  0001110110100001 (  71)                 ADD   R6 R6 #1
(3037) 2A22  0010101000100010 (  72)                 LD    R5 NUMBEROFF
(3038) 1005  0001000000000101 (  73)                 ADD   R0 R0 R5
(3039) 7180  0111000110000000 (  74)                 STR   R0 R6 #0
(303A) 1DA1  0001110110100001 (  75)                 ADD   R6 R6 #1
(303B) 2E1F  0010111000011111 (  76)                 LD    R7 R7SAV
(303C) C1C0  1100000111000000 (  77)                 RET   
(303D) 3E1D  0011111000011101 (  80) GETMSG          ST    R7 R7SAV
(303E) 207A  0010000001111010 (  81)                 LD    R0 NL
(303F) F021  1111000000100001 (  82)                 TRAP  x21
(3040) E021  1110000000100001 (  83)                 LEA   R0 MESSAGE
(3041) F022  1111000000100010 (  84)                 TRAP  x22
(3042) 4802  0100100000000010 (  85)                 JSR   GETMSGLOOP
(3043) 2E17  0010111000010111 (  86)                 LD    R7 R7SAV
(3044) C1C0  1100000111000000 (  87)                 RET   
(3045) 3E16  0011111000010110 (  90) GETMSGLOOP      ST    R7 R7SAV2
(3046) F020  1111000000100000 (  92) GETMSGLOOPINNER TRAP  x20
(3047) F021  1111000000100001 (  93)                 TRAP  x21
(3048) 7180  0111000110000000 (  94)                 STR   R0 R6 #0
(3049) 1DA1  0001110110100001 (  95)                 ADD   R6 R6 #1
(304A) 286F  0010100001101111 (  96)                 LD    R4 ENTTEST
(304B) 1900  0001100100000000 (  97)                 ADD   R4 R4 R0
(304C) 0BF9  0000101111111001 (  98)                 BRNP  GETMSGLOOPINNER
(304D) 1DBF  0001110110111111 (  99)                 ADD   R6 R6 #-1
(304E) 5920  0101100100100000 ( 100)                 AND   R4 R4 #0
(304F) 7980  0111100110000000 ( 101)                 STR   R4 R6 #0
(3050) 2E0B  0010111000001011 ( 102)                 LD    R7 R7SAV2
(3051) C1C0  1100000111000000 ( 103)                 RET   
(3052) 260D  0010011000001101 ( 106) PRINTOUT        LD    R3 ALGADDR
(3053) 60C0  0110000011000000 ( 108) PRINTINNER      LDR   R0 R3 #0
(3054) 0403  0000010000000011 ( 109)                 BRZ   END
(3055) F021  1111000000100001 ( 110)                 TRAP  x21
(3056) 16E1  0001011011100001 ( 111)                 ADD   R3 R3 #1
(3057) 0BFB  0000101111111011 ( 112)                 BRNP  PRINTINNER
(3058) F025  1111000000100101 ( 114) END             TRAP  x25
(3059) FFBC  1111111110111100 ( 117) CHOICEOFF       .FILL xFFBC
(305A) FFD0  1111111111010000 ( 118) NUMBEROFF       .FILL xFFD0
(305B) 0000  0000000000000000 ( 120) R7SAV           .FILL x0000
(305C) 0000  0000000000000000 ( 121) R7SAV2          .FILL x0000
(305D) 0001  0000000000000001 ( 121) BITTOG          .FILL x0001
(305E) 3100  0011000100000000 ( 124) CHOICEADDR      .FILL x3100
(305F) 3102  0011000100000010 ( 125) MSGADDR         .FILL x3102
(3060) 3117  0011000100010111 ( 126) ALGADDR         .FILL x3117
(3061) 3101  0011000100000001 ( 127) KEYADDR         .FILL x3101
(3062) 0045  0000000001000101 ( 130) MESSAGE         .FILL x0045
(3063) 006E  0000000001101110 ( 130)                 .FILL x006E
(3064) 0074  0000000001110100 ( 130)                 .FILL x0074
(3065) 0065  0000000001100101 ( 130)                 .FILL x0065
(3066) 0072  0000000001110010 ( 130)                 .FILL x0072
(3067) 0020  0000000000100000 ( 130)                 .FILL x0020
(3068) 006D  0000000001101101 ( 130)                 .FILL x006D
(3069) 0065  0000000001100101 ( 130)                 .FILL x0065
(306A) 0073  0000000001110011 ( 130)                 .FILL x0073
(306B) 0073  0000000001110011 ( 130)                 .FILL x0073
(306C) 0061  0000000001100001 ( 130)                 .FILL x0061
(306D) 0067  0000000001100111 ( 130)                 .FILL x0067
(306E) 0065  0000000001100101 ( 130)                 .FILL x0065
(306F) 0020  0000000000100000 ( 130)                 .FILL x0020
(3070) 0028  0000000000101000 ( 130)                 .FILL x0028
(3071) 0032  0000000000110010 ( 130)                 .FILL x0032
(3072) 0030  0000000000110000 ( 130)                 .FILL x0030
(3073) 0020  0000000000100000 ( 130)                 .FILL x0020
(3074) 0063  0000000001100011 ( 130)                 .FILL x0063
(3075) 0068  0000000001101000 ( 130)                 .FILL x0068
(3076) 0061  0000000001100001 ( 130)                 .FILL x0061
(3077) 0072  0000000001110010 ( 130)                 .FILL x0072
(3078) 0020  0000000000100000 ( 130)                 .FILL x0020
(3079) 006C  0000000001101100 ( 130)                 .FILL x006C
(307A) 0069  0000000001101001 ( 130)                 .FILL x0069
(307B) 006D  0000000001101101 ( 130)                 .FILL x006D
(307C) 0069  0000000001101001 ( 130)                 .FILL x0069
(307D) 0074  0000000001110100 ( 130)                 .FILL x0074
(307E) 0029  0000000000101001 ( 130)                 .FILL x0029
(307F) 003A  0000000000111010 ( 130)                 .FILL x003A
(3080) 0020  0000000000100000 ( 130)                 .FILL x0020
(3081) 0000  0000000000000000 ( 130)                 .FILL x0000
(3082) 0045  0000000001000101 ( 131) KEYMSG          .FILL x0045
(3083) 006E  0000000001101110 ( 131)                 .FILL x006E
(3084) 0074  0000000001110100 ( 131)                 .FILL x0074
(3085) 0065  0000000001100101 ( 131)                 .FILL x0065
(3086) 0072  0000000001110010 ( 131)                 .FILL x0072
(3087) 0020  0000000000100000 ( 131)                 .FILL x0020
(3088) 0065  0000000001100101 ( 131)                 .FILL x0065
(3089) 006E  0000000001101110 ( 131)                 .FILL x006E
(308A) 0063  0000000001100011 ( 131)                 .FILL x0063
(308B) 0072  0000000001110010 ( 131)                 .FILL x0072
(308C) 0079  0000000001111001 ( 131)                 .FILL x0079
(308D) 0070  0000000001110000 ( 131)                 .FILL x0070
(308E) 0074  0000000001110100 ( 131)                 .FILL x0074
(308F) 0069  0000000001101001 ( 131)                 .FILL x0069
(3090) 006F  0000000001101111 ( 131)                 .FILL x006F
(3091) 006E  0000000001101110 ( 131)                 .FILL x006E
(3092) 0020  0000000000100000 ( 131)                 .FILL x0020
(3093) 006B  0000000001101011 ( 131)                 .FILL x006B
(3094) 0065  0000000001100101 ( 131)                 .FILL x0065
(3095) 0079  0000000001111001 ( 131)                 .FILL x0079
(3096) 0028  0000000000101000 ( 131)                 .FILL x0028
(3097) 0031  0000000000110001 ( 131)                 .FILL x0031
(3098) 002D  0000000000101101 ( 131)                 .FILL x002D
(3099) 0039  0000000000111001 ( 131)                 .FILL x0039
(309A) 0029  0000000000101001 ( 131)                 .FILL x0029
(309B) 003A  0000000000111010 ( 131)                 .FILL x003A
(309C) 0020  0000000000100000 ( 131)                 .FILL x0020
(309D) 0000  0000000000000000 ( 131)                 .FILL x0000
(309E) 0054  0000000001010100 ( 132) PROMPT          .FILL x0054
(309F) 0079  0000000001111001 ( 132)                 .FILL x0079
(30A0) 0070  0000000001110000 ( 132)                 .FILL x0070
(30A1) 0065  0000000001100101 ( 132)                 .FILL x0065
(30A2) 0020  0000000000100000 ( 132)                 .FILL x0020
(30A3) 0028  0000000000101000 ( 132)                 .FILL x0028
(30A4) 0045  0000000001000101 ( 132)                 .FILL x0045
(30A5) 0029  0000000000101001 ( 132)                 .FILL x0029
(30A6) 006E  0000000001101110 ( 132)                 .FILL x006E
(30A7) 0063  0000000001100011 ( 132)                 .FILL x0063
(30A8) 0072  0000000001110010 ( 132)                 .FILL x0072
(30A9) 0079  0000000001111001 ( 132)                 .FILL x0079
(30AA) 0070  0000000001110000 ( 132)                 .FILL x0070
(30AB) 0074  0000000001110100 ( 132)                 .FILL x0074
(30AC) 002F  0000000000101111 ( 132)                 .FILL x002F
(30AD) 0028  0000000000101000 ( 132)                 .FILL x0028
(30AE) 0044  0000000001000100 ( 132)                 .FILL x0044
(30AF) 0029  0000000000101001 ( 132)                 .FILL x0029
(30B0) 0065  0000000001100101 ( 132)                 .FILL x0065
(30B1) 0063  0000000001100011 ( 132)                 .FILL x0063
(30B2) 0072  0000000001110010 ( 132)                 .FILL x0072
(30B3) 0079  0000000001111001 ( 132)                 .FILL x0079
(30B4) 0070  0000000001110000 ( 132)                 .FILL x0070
(30B5) 0074  0000000001110100 ( 132)                 .FILL x0074
(30B6) 003A  0000000000111010 ( 132)                 .FILL x003A
(30B7) 0020  0000000000100000 ( 132)                 .FILL x0020
(30B8) 0000  0000000000000000 ( 132)                 .FILL x0000
(30B9) 000A  0000000000001010 ( 133) NL              .FILL x000A
(30BA) FFF6  1111111111110110 ( 134) ENTTEST         .FILL xFFF6
